[tcp @ 000001c3dd5b3e80] Connection to tcp://192.168.137.21:8080 failed: Error number -138 occurred
[tcp @ 000001c3c2a6ee80] Connection to tcp://192.168.137.21:8080 failed: Error number -138 occurred
[tcp @ 000001c3dd5d4740] Port missing in uri
[tcp @ 000001c3dd5d4740] Port missing in uri
[tcp @ 000001c3dd5d46c0] Port missing in uri
[tcp @ 000001c3dd5b3040] Port missing in uri
[tcp @ 000001c3dd5b3040] Port missing in uri
[tcp @ 000001c3dd5b5cc0] Port missing in uri
[tcp @ 000001c3dd5b5cc0] Port missing in uri
[tcp @ 000001c3dd5b5cc0] Port missing in uri
[tcp @ 000001c3dd5b5cc0] Port missing in uri
[tcp @ 000001c3dd5b5cc0] Port missing in uri
[tcp @ 000001c3dd5b5cc0] Port missing in uri
[tcp @ 000001c3dd5b5cc0] Port missing in uri
[tcp @ 000001c3dd5b5cc0] Port missing in uri
[tcp @ 000001c3dd5b5cc0] Port missing in uri
[tcp @ 000001c3dd5b5cc0] Port missing in uri
[tcp @ 000001c3dd5b5cc0] Port missing in uri
[tcp @ 000001c3dd5b5cc0] Port missing in uri
[tcp @ 000001c3dd5b5cc0] Port missing in uri
[tcp @ 000001c3dd5b5cc0] Port missing in uri
[tcp @ 000001c3dd5b5cc0] Port missing in uri
[tcp @ 000001c3dd5b5cc0] Port missing in uri
[tcp @ 000001c3dd5b5cc0] Port missing in uri
[tcp @ 000001c3dd5b5cc0] Port missing in uri
[tcp @ 000001c3dd5b5cc0] Port missing in uri
[tcp @ 000001c3dd5b5cc0] Port missing in uri
[tcp @ 000001c3dd5b5cc0] Port missing in uri
[tcp @ 000001c3dd5b5cc0] Port missing in uri
[tcp @ 000001c3dd5b5cc0] Port missing in uri
[tcp @ 000001c3dd5b5cc0] Port missing in uri
[tcp @ 000001c3dd5b5cc0] Port missing in uri
[tcp @ 000001c3dd5b5cc0] Port missing in uri
[tcp @ 000001c3dd5b5cc0] Port missing in uri
[tcp @ 000001c3dd5b5cc0] Port missing in uri
[tcp @ 000001c3dd5b5cc0] Port missing in uri
[tcp @ 000001c3dd5b5cc0] Port missing in uri
[tcp @ 000001c3dd5b5cc0] Port missing in uri
[tcp @ 000001c3dd5b5cc0] Port missing in uri
[tcp @ 000001c3dd5b5cc0] Port missing in uri
[tcp @ 000001c3dd5b5cc0] Port missing in uri
[tcp @ 000001c3dd5b5cc0] Port missing in uri
[tcp @ 000001c3dd5b5cc0] Port missing in uri
[tcp @ 000001c3dd5b5cc0] Port missing in uri
[tcp @ 000001c3dd5b5cc0] Port missing in uri
[tcp @ 000001c3dd5b5cc0] Port missing in uri
[tcp @ 000001c3dd5b5cc0] Port missing in uri
[tcp @ 000001c3dd5b5cc0] Port missing in uri
[tcp @ 000001c3dd5b5cc0] Port missing in uri
[tcp @ 000001c3dd5b5cc0] Port missing in uri
[tcp @ 000001c3dd5b5cc0] Port missing in uri
[tcp @ 000001c3dd5b5cc0] Port missing in uri
[tcp @ 000001c3dd5b5cc0] Port missing in uri
[tcp @ 000001c3dd5b5cc0] Port missing in uri
[tcp @ 000001c3dd5b5cc0] Port missing in uri
[tcp @ 000001c3dd5b5cc0] Port missing in uri
[tcp @ 000001c3dd5b5cc0] Port missing in uri
[tcp @ 000001c3dd5b5cc0] Port missing in uri
[tcp @ 000001c3dd5b5cc0] Port missing in uri
[tcp @ 000001c3dd5b5cc0] Port missing in uri
[tcp @ 000001c3dd5b5cc0] Port missing in uri
[tcp @ 000001c3dd5b5cc0] Port missing in uri
[tcp @ 000001c3dd5b5cc0] Port missing in uri
[tcp @ 000001c3dd5b5cc0] Port missing in uri
[tcp @ 000001c3dd5b2f80] Connection to tcp://192.168.137.21:8080 failed: Error number -138 occurred
[tcp @ 000001c3dd5b2f80] Connection to tcp://192.168.137.21:8080 failed: Error number -138 occurred
[tcp @ 000001c3dd5d4f80] Port missing in uri
[tcp @ 000001c3dd5d4f80] Port missing in uri
[tcp @ 000001c3dd5b8680] Port missing in uri
[tcp @ 000001c3dd5b8680] Port missing in uri
[tcp @ 000001c3dd5b8680] Port missing in uri
[tcp @ 000001c3dd5b8680] Port missing in uri
[tcp @ 000001c3dd5b8680] Port missing in uri
[tcp @ 000001c3dd5b8680] Port missing in uri
[tcp @ 000001c3c2a6a5c0] Port missing in uri
[tcp @ 000001c3c2a6a5c0] Port missing in uri
[tcp @ 000001c3dd5d5080] Port missing in uri
[tcp @ 000001c3dd5d5080] Port missing in uri
[tcp @ 000001c3dd5d5080] Port missing in uri
[tcp @ 000001c3dd5d5080] Port missing in uri
[tcp @ 000001c3dd5d5080] Port missing in uri
[tcp @ 000001c3dd5d5080] Port missing in uri
[tcp @ 000001c3dd5d5080] Port missing in uri
[tcp @ 000001c3dd5d5080] Port missing in uri
[tcp @ 000001c3dd5b8a00] Port missing in uri
[tcp @ 000001c3dd5d27c0] Port missing in uri
[tcp @ 000001c3dd5d2480] Port missing in uri
[tcp @ 000001c3dd5d30c0] Port missing in uri
[tcp @ 000001c3dd5d2480] Port missing in uri
[tcp @ 000001c3dd5d27c0] Port missing in uri
[tcp @ 000001c3dd5d28c0] Port missing in uri
[tcp @ 000001c3dd5d27c0] Port missing in uri
[tcp @ 000001c3dd5d3340] Port missing in uri
[tcp @ 000001c3dd5d3340] Port missing in uri
[tcp @ 000001c3dd5d3280] Port missing in uri
[tcp @ 000001c3dd5d3280] Port missing in uri
[tcp @ 000001c3dd5d3340] Port missing in uri
[tcp @ 000001c3dd5d30c0] Port missing in uri
[tcp @ 000001c3dd5d2d80] Port missing in uri
[tcp @ 000001c3dd5d2980] Port missing in uri
[tcp @ 000001c3dd5d2cc0] Port missing in uri
[tcp @ 000001c3dd5d2700] Port missing in uri
[tcp @ 000001c3dd5d30c0] Port missing in uri
[tcp @ 000001c3dd5d3000] Port missing in uri
[tcp @ 000001c3dd5d2a40] Port missing in uri
[tcp @ 000001c3dd5d2480] Port missing in uri
[tcp @ 000001c3dd5d2d80] Port missing in uri
[tcp @ 000001c3dd5d3280] Port missing in uri
[tcp @ 000001c3dd5d2b00] Port missing in uri
[tcp @ 000001c3dd5d2c00] Port missing in uri
[tcp @ 000001c3dd5d2640] Port missing in uri
[tcp @ 000001c3dd5d3000] Port missing in uri
[tcp @ 000001c3dd5d2580] Port missing in uri
[tcp @ 000001c3dd5d28c0] Port missing in uri
[tcp @ 000001c3dd5d27c0] Port missing in uri
[tcp @ 000001c3dd5d3280] Port missing in uri
[tcp @ 000001c3dd5d2580] Port missing in uri
[tcp @ 000001c3dd5d2640] Port missing in uri
[tcp @ 000001c3dd5d3280] Port missing in uri
[tcp @ 000001c3dd5d3340] Port missing in uri
[tcp @ 000001c3dd5d2e40] Port missing in uri
[tcp @ 000001c3dd5d2d80] Port missing in uri
[tcp @ 000001c3dd5d2480] Port missing in uri
[tcp @ 000001c3dd5d2b00] Port missing in uri
[tcp @ 000001c3dd5d30c0] Port missing in uri
[tcp @ 000001c3dd5d2480] Port missing in uri
[tcp @ 000001c3dd5d2f40] Port missing in uri
[tcp @ 000001c3dd5d2a40] Port missing in uri
[tcp @ 000001c3dd5d28c0] Port missing in uri
[tcp @ 000001c3dd5d2c00] Port missing in uri
[tcp @ 000001c3dd5d2e40] Port missing in uri
[tcp @ 000001c3dd5d2f40] Port missing in uri
[tcp @ 000001c3dd5d2a40] Port missing in uri
[tcp @ 000001c3dd5d2640] Port missing in uri
[tcp @ 000001c3dd5d2580] Port missing in uri
[tcp @ 000001c3dd5d2c00] Port missing in uri
[tcp @ 000001c3dd5d30c0] Port missing in uri
[tcp @ 000001c3dd5d2f40] Port missing in uri
[tcp @ 000001c3dd5d2a40] Port missing in uri
[tcp @ 000001c3dd5d28c0] Port missing in uri
[tcp @ 000001c3dd5d2c00] Port missing in uri
[tcp @ 000001c3dd5d2b00] Port missing in uri
[tcp @ 000001c3dd5d2b00] Port missing in uri
[tcp @ 000001c3dd5d2480] Port missing in uri
[tcp @ 000001c3dd5d3000] Port missing in uri
[tcp @ 000001c3dd5d2480] Port missing in uri
[tcp @ 000001c3dd5d2f40] Port missing in uri
[tcp @ 000001c3dd5d2580] Port missing in uri
[tcp @ 000001c3dd5d2480] Port missing in uri
[tcp @ 000001c3dd5d2cc0] Port missing in uri
[tcp @ 000001c3dd5d28c0] Port missing in uri
[tcp @ 000001c3dd5d2980] Port missing in uri
[tcp @ 000001c3dd5d2700] Port missing in uri
[tcp @ 000001c3dd5d2b00] Port missing in uri
[tcp @ 000001c3dd5d2700] Port missing in uri
[tcp @ 000001c3dd5d2580] Port missing in uri
[tcp @ 000001c3dd5d2640] Port missing in uri
[tcp @ 000001c3dd5d2700] Port missing in uri
[tcp @ 000001c3dd5d2cc0] Port missing in uri
[tcp @ 000001c3dd5d27c0] Port missing in uri
[tcp @ 000001c3dd5d27c0] Port missing in uri
[tcp @ 000001c3dd5d2700] Port missing in uri
[tcp @ 000001c3dd5d27c0] Port missing in uri
[tcp @ 000001c3dd5d2980] Port missing in uri
[tcp @ 000001c3dd5d2f40] Port missing in uri
[tcp @ 000001c3dd5d27c0] Port missing in uri
[tcp @ 000001c3dd5d2640] Port missing in uri
[tcp @ 000001c3dd5d3340] Port missing in uri
[tcp @ 000001c3dd5d2640] Port missing in uri
[tcp @ 000001c3dd5d2a40] Port missing in uri
[tcp @ 000001c3dd5d2c00] Port missing in uri
[tcp @ 000001c3dd5d2700] Port missing in uri
[tcp @ 000001c3dd5d2d80] Port missing in uri
[tcp @ 000001c3dd5d2640] Port missing in uri
[tcp @ 000001c3dd5d2f40] Port missing in uri
[tcp @ 000001c3dd5d2d80] Port missing in uri
[tcp @ 000001c3dd5d2cc0] Port missing in uri
[tcp @ 000001c3dd5d2b00] Port missing in uri
[tcp @ 000001c3dd5d2980] Port missing in uri
[tcp @ 000001c3dd5d2640] Port missing in uri
[tcp @ 000001c3dd5d28c0] Port missing in uri
[tcp @ 000001c3dd5d30c0] Port missing in uri
[tcp @ 000001c3dd5d2980] Port missing in uri
[tcp @ 000001c3dd5d30c0] Port missing in uri
[tcp @ 000001c3dd5d2d80] Port missing in uri
[tcp @ 000001c3dd5d28c0] Port missing in uri
[tcp @ 000001c3dd5d2980] Port missing in uri
[tcp @ 000001c3dd5d27c0] Port missing in uri
[tcp @ 000001c3dd5d3000] Port missing in uri
[tcp @ 000001c3dd5d2e40] Port missing in uri
[tcp @ 000001c3dd5d2580] Port missing in uri
[tcp @ 000001c3dd5d2f40] Port missing in uri
[ WARN:0@1621.936] global cap_ffmpeg_impl.hpp:453 _opencv_ffmpeg_interrupt_callback Stream timeout triggered after 30011.270000 ms
[tcp @ 000001c3dd5d27c0] Port missing in uri
[ WARN:0@1651.962] global cap_ffmpeg_impl.hpp:453 _opencv_ffmpeg_interrupt_callback Stream timeout triggered after 30021.380000 ms
[tcp @ 000001c3dd5d2c00] Port missing in uri
[tcp @ 000001c3dd5d2980] Connection to tcp://192.168.137.21:8080 failed: Error number -138 occurred
[tcp @ 000001c3dd5d3280] Connection to tcp://192.168.137.21:8080 failed: Error number -138 occurred
[tcp @ 000001c3dd5d2f40] Port missing in uri
[tcp @ 000001c3dd5d27c0] Port missing in uri
[tcp @ 000001c3dd5d2f40] Port missing in uri
[tcp @ 000001c3dd5d28c0] Port missing in uri
[tcp @ 000001c3dd5d2980] Port missing in uri
[tcp @ 000001c3dd5d2cc0] Port missing in uri
[tcp @ 000001c3dd5d2d80] Port missing in uri
[tcp @ 000001c3dd5d3000] Port missing in uri
[ WARN:1@1711.301] global cap_ffmpeg_impl.hpp:453 _opencv_ffmpeg_interrupt_callback Stream timeout triggered after 30109.089000 ms
[tcp @ 000001c3dd5d2b00] Port missing in uri
[tcp @ 000001c3dd5d2f40] Connection to tcp://192.168.137.21:8080 failed: Error number -138 occurred
[tcp @ 000001c3dd5d2480] Connection to tcp://192.168.137.21:8080 failed: Error number -138 occurred
[tcp @ 000001c3dd5d2cc0] Port missing in uri
[ WARN:1@1752.503] global cap_ffmpeg_impl.hpp:453 _opencv_ffmpeg_interrupt_callback Stream timeout triggered after 30015.120000 ms
[tcp @ 000001c3dd5d2b00] Port missing in uri
[tcp @ 000001c3dd5d3280] Port missing in uri
[tcp @ 000001c3dd5d2a40] Port missing in uri
[tcp @ 000001c3dd5d2d80] Port missing in uri
[tcp @ 000001c3dd5d3180] Port missing in uri
[tcp @ 000001c3dd5d3180] Port missing in uri
[tcp @ 000001c3dd5d2e40] Port missing in uri
[tcp @ 000001c3dd5d3000] Port missing in uri
[tcp @ 000001c3dd5d2580] Port missing in uri
[tcp @ 000001c3dd5d2e40] Port missing in uri
[tcp @ 000001c3dd5d2580] Port missing in uri
[tcp @ 000001c3dd5d2c00] Port missing in uri
[tcp @ 000001c3dd5d2cc0] Port missing in uri
[tcp @ 000001c3dd5d28c0] Port missing in uri
[tcp @ 000001c3dd5d2580] Port missing in uri
[tcp @ 000001c3dd5d2640] Port missing in uri
[tcp @ 000001c3dd5d2a40] Port missing in uri
[tcp @ 000001c3dd5d2700] Port missing in uri
[tcp @ 000001c3dd5d3000] Port missing in uri
[tcp @ 000001c3dd5d2cc0] Port missing in uri
[tcp @ 000001c3dd5d2c00] Port missing in uri
[tcp @ 000001c3dd5d2a40] Port missing in uri
[tcp @ 000001c3dd5d2480] Port missing in uri
[tcp @ 000001c3dd5d2e40] Port missing in uri
[tcp @ 000001c3dd5d27c0] Connection to tcp://192.168.137.21:8080 failed: Error number -138 occurred
[tcp @ 000001c3dd5d2580] Connection to tcp://192.168.137.21:8080 failed: Error number -138 occurred
[tcp @ 000001c3dd5d3000] Port missing in uri
[tcp @ 000001c3dd5d2cc0] Port missing in uri
[tcp @ 000001c3dd5d2700] Connection to tcp://192.168.137.21:8080 failed: Error number -138 occurred
[tcp @ 000001c3dd5d3340] Connection to tcp://192.168.137.21:8080 failed: Error number -138 occurred
[tcp @ 000001c3dd5d2640] Connection to tcp://192.168.137.21:8080 failed: Error number -138 occurred
[tcp @ 000001c3dd5d3000] Connection to tcp://192.168.137.21:8080 failed: Error number -138 occurred
[tcp @ 000001c3dd5d3280] Connection to tcp://192.168.137.21:8080 failed: Error number -138 occurred
[tcp @ 000001c3dd5d2580] Connection to tcp://192.168.137.21:8080 failed: Error number -138 occurred
[tcp @ 000001c3dd5d28c0] Port missing in uri
[tcp @ 000001c3dd5d2d80] Port missing in uri
[ WARN:2@2104.700] global cap_ffmpeg_impl.hpp:453 _opencv_ffmpeg_interrupt_callback Stream timeout triggered after 30014.361000 ms
[tcp @ 000001c3dd5d2f40] Port missing in uri
[ WARN:2@2134.739] global cap_ffmpeg_impl.hpp:453 _opencv_ffmpeg_interrupt_callback Stream timeout triggered after 30037.670000 ms
[tcp @ 000001c3dd5d2640] Port missing in uri
[tcp @ 000001c3dd5d3000] Connection to tcp://192.168.137.21:8080 failed: Error number -138 occurred
[tcp @ 000001c3dd5d2e40] Connection to tcp://192.168.137.21:8080 failed: Error number -138 occurred
[tcp @ 000001c3dd5d2a40] Port missing in uri
[tcp @ 000001c3dd5d30c0] Port missing in uri
[tcp @ 000001c3dd5d2d80] Connection to tcp://192.168.137.21:8080 failed: Error number -138 occurred
[tcp @ 000001c3dd5d2cc0] Connection to tcp://192.168.137.21:8080 failed: Error number -138 occurred
[tcp @ 000001c3dd5d3000] Port missing in uri
[tcp @ 000001c3dd5d2640] Port missing in uri
[tcp @ 000001c3dd5d2640] Port missing in uri
[tcp @ 000001c3dd5d27c0] Port missing in uri
[tcp @ 000001c3dd5d3280] Port missing in uri
[tcp @ 000001c3dd5d28c0] Port missing in uri
[tcp @ 000001c3dd5d2980] Port missing in uri
[tcp @ 000001c3dd5d2980] Port missing in uri
[tcp @ 000001c3dd5d3340] Port missing in uri
[tcp @ 000001c3dd5d2cc0] Port missing in uri
[tcp @ 000001c3dd5d2cc0] Port missing in uri
[tcp @ 000001c3dd5d3280] Port missing in uri
[tcp @ 000001c3dd5d30c0] Port missing in uri
[tcp @ 000001c3dd5d3280] Port missing in uri
[tcp @ 000001c3dd5d2580] Port missing in uri
[tcp @ 000001c3dd5d2980] Port missing in uri
[tcp @ 000001c3dd5d2980] Connection to tcp://192.168.137.21:8080 failed: Error number -138 occurred
[tcp @ 000001c3dd5d2480] Connection to tcp://192.168.137.21:8080 failed: Error number -138 occurred
[tcp @ 000001c3dd5d3180] Connection to tcp://192.168.137.21:8080 failed: Error number -138 occurred
[tcp @ 000001c3dd5d2640] Connection to tcp://192.168.137.21:8080 failed: Error number -138 occurred
[tcp @ 000001c3dd5d3000] Connection to tcp://192.168.137.21:8080 failed: Error number -138 occurred
[tcp @ 000001c3dd5d3280] Connection to tcp://192.168.137.21:8080 failed: Error number -138 occurred
[tcp @ 000001c3dd5d3000] Port missing in uri
[ WARN:3@2352.101] global cap_ffmpeg_impl.hpp:453 _opencv_ffmpeg_interrupt_callback Stream timeout triggered after 30068.782000 ms
[tcp @ 000001c3dd5d28c0] Port missing in uri
[ WARN:3@2382.231] global cap_ffmpeg_impl.hpp:453 _opencv_ffmpeg_interrupt_callback Stream timeout triggered after 30003.660000 ms
[tcp @ 000001c3dd5d2980] Connection to tcp://192.168.137.21:8080 failed: Error number -138 occurred
[tcp @ 000001c3dd5d30c0] Connection to tcp://192.168.137.21:8080 failed: Error number -138 occurred
[tcp @ 000001c3dd5d2cc0] Port missing in uri
[tcp @ 000001c3dd5d2b00] Port missing in uri
[ WARN:3@2423.518] global cap_ffmpeg_impl.hpp:453 _opencv_ffmpeg_interrupt_callback Stream timeout triggered after 30078.139000 ms
[ WARN:3@2453.555] global cap_ffmpeg_impl.hpp:453 _opencv_ffmpeg_interrupt_callback Stream timeout triggered after 30022.954000 ms
[tcp @ 000001c3dd5d3340] Port missing in uri
[tcp @ 000001c3dd5d2f40] Port missing in uri
[tcp @ 000001c3dd5d2640] Connection to tcp://192.168.137.21:8080 failed: Error number -138 occurred
[tcp @ 000001c3dd5d2700] Connection to tcp://192.168.137.21:8080 failed: Error number -138 occurred
[tcp @ 000001c3dd5d2640] Port missing in uri
[ WARN:3@2494.812] global cap_ffmpeg_impl.hpp:453 _opencv_ffmpeg_interrupt_callback Stream timeout triggered after 30074.372000 ms
[tcp @ 000001c3dd5d27c0] Port missing in uri
[ WARN:3@2524.896] global cap_ffmpeg_impl.hpp:453 _opencv_ffmpeg_interrupt_callback Stream timeout triggered after 30083.818000 ms
[tcp @ 000001c3dd5d2640] Connection to tcp://192.168.137.21:8080 failed: Error number -138 occurred
[tcp @ 000001c3dd5d30c0] Connection to tcp://192.168.137.21:8080 failed: Error number -138 occurred
[tcp @ 000001c3dd5d3280] Port missing in uri
[tcp @ 000001c3dd5d2640] Port missing in uri
[ WARN:3@2566.151] global cap_ffmpeg_impl.hpp:453 _opencv_ffmpeg_interrupt_callback Stream timeout triggered after 30014.930000 ms
[ WARN:3@2596.158] global cap_ffmpeg_impl.hpp:453 _opencv_ffmpeg_interrupt_callback Stream timeout triggered after 30003.786000 ms
[tcp @ 000001c3dd5d28c0] Port missing in uri
[tcp @ 000001c3dd5d2700] Port missing in uri
[tcp @ 000001c3dd5d2cc0] Connection to tcp://192.168.137.21:8080 failed: Error number -138 occurred
[tcp @ 000001c3dd5d2cc0] Connection to tcp://192.168.137.21:8080 failed: Error number -138 occurred
[tcp @ 000001c3dd5d28c0] Port missing in uri
[ WARN:3@2637.463] global cap_ffmpeg_impl.hpp:453 _opencv_ffmpeg_interrupt_callback Stream timeout triggered after 30084.987000 ms
[ WARN:3@2667.554] global cap_ffmpeg_impl.hpp:453 _opencv_ffmpeg_interrupt_callback Stream timeout triggered after 30021.732000 ms
[tcp @ 000001c3dd5d3340] Connection to tcp://192.168.137.21:8080 failed: Error number -138 occurred
[tcp @ 000001c3dd5d30c0] Port missing in uri
[tcp @ 000001c3dd5d3180] Connection to tcp://192.168.137.21:8080 failed: Error number -138 occurred
[ WARN:3@2708.632] global cap_ffmpeg_impl.hpp:453 _opencv_ffmpeg_interrupt_callback Stream timeout triggered after 30095.053000 ms
[tcp @ 000001c3dd5d2580] Port missing in uri
[tcp @ 000001c3dd5d3280] Connection to tcp://192.168.137.21:8080 failed: Error number -138 occurred
[ WARN:3@2744.225] global cap_ffmpeg_impl.hpp:453 _opencv_ffmpeg_interrupt_callback Stream timeout triggered after 30045.771000 ms
[tcp @ 000001c3dd5d28c0] Port missing in uri
[tcp @ 000001c3dd5d3180] Connection to tcp://192.168.137.21:8080 failed: Error number -138 occurred
[tcp @ 000001c3dd5d28c0] Port missing in uri
[tcp @ 000001c3dd5d30c0] Port missing in uri
[ WARN:3@2781.386] global cap_ffmpeg_impl.hpp:453 _opencv_ffmpeg_interrupt_callback Stream timeout triggered after 30009.119000 ms
[ WARN:3@2811.419] global cap_ffmpeg_impl.hpp:453 _opencv_ffmpeg_interrupt_callback Stream timeout triggered after 30023.005000 ms
[tcp @ 000001c3dd5d3180] Port missing in uri
[tcp @ 000001c3dd5d2b00] Port missing in uri
[tcp @ 000001c3dd5d2580] Connection to tcp://192.168.137.21:8080 failed: Error number -138 occurred
[tcp @ 000001c3dd5d28c0] Port missing in uri
[tcp @ 000001c3dd5d2cc0] Connection to tcp://192.168.137.21:8080 failed: Error number -138 occurred
[tcp @ 000001c3dd5d2640] Port missing in uri
[ WARN:3@2852.517] global cap_ffmpeg_impl.hpp:453 _opencv_ffmpeg_interrupt_callback Stream timeout triggered after 30085.711000 ms
[tcp @ 000001c3dd5d28c0] Connection to tcp://192.168.137.21:8080 failed: Error number -138 occurred
[tcp @ 000001c3dd5d27c0] Port missing in uri
[ WARN:3@2888.096] global cap_ffmpeg_impl.hpp:453 _opencv_ffmpeg_interrupt_callback Stream timeout triggered after 30031.277000 ms
[tcp @ 000001c3dd5d27c0] Connection to tcp://192.168.137.21:8080 failed: Error number -138 occurred
[tcp @ 000001c3dd5d27c0] Port missing in uri
[ WARN:3@2925.201] global cap_ffmpeg_impl.hpp:453 _opencv_ffmpeg_interrupt_callback Stream timeout triggered after 30029.276000 ms
[tcp @ 000001c3dd5d2700] Port missing in uri
[ WARN:3@2955.262] global cap_ffmpeg_impl.hpp:453 _opencv_ffmpeg_interrupt_callback Stream timeout triggered after 30059.682000 ms
[tcp @ 000001c3dd5d2e40] Port missing in uri
[tcp @ 000001c3dd5d2b00] Port missing in uri
[tcp @ 000001c3dd5d28c0] Port missing in uri
[ WARN:3@2992.437] global cap_ffmpeg_impl.hpp:453 _opencv_ffmpeg_interrupt_callback Stream timeout triggered after 30052.673000 ms
[ WARN:3@3022.524] global cap_ffmpeg_impl.hpp:453 _opencv_ffmpeg_interrupt_callback Stream timeout triggered after 30085.473000 ms
[tcp @ 000001c3dd5d2a40] Connection to tcp://192.168.137.21:8080 failed: Error number -138 occurred
[tcp @ 000001c3dd5d2700] Port missing in uri
[tcp @ 000001c3dd5d3180] Connection to tcp://192.168.137.21:8080 failed: Error number -138 occurred
[tcp @ 000001c3dd5d3340] Port missing in uri
[ WARN:3@3063.557] global cap_ffmpeg_impl.hpp:453 _opencv_ffmpeg_interrupt_callback Stream timeout triggered after 30078.221000 ms
[tcp @ 000001c3dd5d2d80] Port missing in uri
[ WARN:3@3093.686] global cap_ffmpeg_impl.hpp:453 _opencv_ffmpeg_interrupt_callback Stream timeout triggered after 30045.977000 ms
[tcp @ 000001c3dd5d27c0] Port missing in uri
[tcp @ 000001c3dd5d2c00] Port missing in uri
[tcp @ 000001c3dd5d2e40] Port missing in uri
[tcp @ 000001c3dd5d2c00] Port missing in uri
[tcp @ 000001c3dd5d2f40] Port missing in uri
[ WARN:3@3136.897] global cap_ffmpeg_impl.hpp:453 _opencv_ffmpeg_interrupt_callback Stream timeout triggered after 30105.419000 ms
[ WARN:3@3167.004] global cap_ffmpeg_impl.hpp:453 _opencv_ffmpeg_interrupt_callback Stream timeout triggered after 30010.355000 ms
[tcp @ 000001c3dd5d3280] Port missing in uri
[tcp @ 000001c3dd5d2e40] Connection to tcp://192.168.137.21:8080 failed: Error number -138 occurred
[tcp @ 000001c3dd5d2c00] Connection to tcp://192.168.137.21:8080 failed: Error number -138 occurred
[tcp @ 000001c3dd5d3000] Port missing in uri
[ WARN:3@3208.169] global cap_ffmpeg_impl.hpp:453 _opencv_ffmpeg_interrupt_callback Stream timeout triggered after 30057.482000 ms
[tcp @ 000001c3dd5d2d80] Port missing in uri
[tcp @ 000001c3dd5d2e40] Port missing in uri
[ WARN:3@3238.518] global cap_ffmpeg_impl.hpp:453 _opencv_ffmpeg_interrupt_callback Stream timeout triggered after 30060.485000 ms
[tcp @ 000001c3dd5d3340] Port missing in uri
[tcp @ 000001c3dd5d28c0] Port missing in uri
[tcp @ 000001c3dd5d2700] Port missing in uri
[tcp @ 000001c3dd5d3180] Port missing in uri
[tcp @ 000001c3dd5d2d80] Port missing in uri
[tcp @ 000001c3dd5d3340] Port missing in uri
[ WARN:3@3275.697] global cap_ffmpeg_impl.hpp:453 _opencv_ffmpeg_interrupt_callback Stream timeout triggered after 30076.312000 ms
[tcp @ 000001c3dd5d3000] Port missing in uri
[ WARN:3@3305.894] global cap_ffmpeg_impl.hpp:453 _opencv_ffmpeg_interrupt_callback Stream timeout triggered after 30100.897000 ms
[tcp @ 000001c3dd5d2cc0] Connection to tcp://192.168.137.21:8080 failed: Error number -138 occurred
[tcp @ 000001c3dd5d2a40] Connection to tcp://192.168.137.21:8080 failed: Error number -138 occurred
[tcp @ 000001c3dd5d27c0] Port missing in uri
[ WARN:3@3347.112] global cap_ffmpeg_impl.hpp:453 _opencv_ffmpeg_interrupt_callback Stream timeout triggered after 30024.351000 ms
[ WARN:3@3377.127] global cap_ffmpeg_impl.hpp:453 _opencv_ffmpeg_interrupt_callback Stream timeout triggered after 30012.055000 ms
[tcp @ 000001c3dd5dda80] Port missing in uri
[tcp @ 000001c3dd5dda80] Port missing in uri
[tcp @ 000001c3dd5dd180] Port missing in uri
[tcp @ 000001c3dd5dddc0] Port missing in uri
[ WARN:3@3415.012] global cap_ffmpeg_impl.hpp:453 _opencv_ffmpeg_interrupt_callback Stream timeout triggered after 30091.862000 ms
[ WARN:3@3445.113] global cap_ffmpeg_impl.hpp:453 _opencv_ffmpeg_interrupt_callback Stream timeout triggered after 30095.162000 ms
[tcp @ 000001c3dd5dddc0] Connection to tcp://192.168.137.21:8080 failed: Error number -138 occurred
[hevc @ 000001c3dd5d04c0] PPS id out of range: 0
[hevc @ 000001c3dd5d04c0] PPS id out of range: 0
[tcp @ 000001c3dd5ddcc0] Port missing in uri
[hevc @ 000001c3dd64de80] Could not find ref with POC 27
[tcp @ 000001c3dd5ddb40] Connection to tcp://192.168.137.21:8080 failed: Error number -138 occurred
[tcp @ 000001c3dd5dd580] Port missing in uri
[ WARN:3@3487.427] global cap_ffmpeg_impl.hpp:453 _opencv_ffmpeg_interrupt_callback Stream timeout triggered after 30069.632000 ms
[ WARN:3@3517.520] global cap_ffmpeg_impl.hpp:453 _opencv_ffmpeg_interrupt_callback Stream timeout triggered after 30091.481000 ms
[tcp @ 000001c3dd5dd580] Port missing in uri
[tcp @ 000001c3dd5dd800] Port missing in uri
[tcp @ 000001c3dd5dd240] Port missing in uri
[tcp @ 000001c3dd5ddc00] Port missing in uri
[ WARN:3@3554.952] global cap_ffmpeg_impl.hpp:453 _opencv_ffmpeg_interrupt_callback Stream timeout triggered after 30036.358000 ms
[tcp @ 000001c3dd5dd8c0] Port missing in uri
[ WARN:3@3584.983] global cap_ffmpeg_impl.hpp:453 _opencv_ffmpeg_interrupt_callback Stream timeout triggered after 30016.129000 ms
[tcp @ 000001c3dd5dd8c0] Port missing in uri
[tcp @ 000001c3dd5dd740] Port missing in uri
[tcp @ 000001c3dd5dd800] Port missing in uri
[ WARN:3@3624.990] global cap_ffmpeg_impl.hpp:453 _opencv_ffmpeg_interrupt_callback Stream timeout triggered after 30040.802000 ms
[tcp @ 000001c3dd5dd300] Port missing in uri
[ WARN:3@3655.051] global cap_ffmpeg_impl.hpp:453 _opencv_ffmpeg_interrupt_callback Stream timeout triggered after 30059.585000 ms
[tcp @ 000001c3de4e2e00] Port missing in uri
[ WARN:3@3692.465] global cap_ffmpeg_impl.hpp:453 _opencv_ffmpeg_interrupt_callback Stream timeout triggered after 30048.017000 ms
[tcp @ 000001c3dd612f00] Port missing in uri
[ WARN:3@3722.857] global cap_ffmpeg_impl.hpp:453 _opencv_ffmpeg_interrupt_callback Stream timeout triggered after 30050.734000 ms
[tcp @ 000001c3dd9bd8c0] Port missing in uri
[tcp @ 000001c3dd9bd340] Port missing in uri
[tcp @ 000001c3dd9bccc0] Port missing in uri
[ WARN:3@3760.143] global cap_ffmpeg_impl.hpp:453 _opencv_ffmpeg_interrupt_callback Stream timeout triggered after 30075.235000 ms
[tcp @ 000001c3ddd4dfc0] Port missing in uri
[ WARN:3@3790.257] global cap_ffmpeg_impl.hpp:453 _opencv_ffmpeg_interrupt_callback Stream timeout triggered after 30077.610000 ms
[tcp @ 000001c3ddd4e300] Port missing in uri
[tcp @ 000001c3ddd4e180] Port missing in uri
[tcp @ 000001c3ddd4e400] Port missing in uri
[tcp @ 000001c3ddd4e300] Port missing in uri
[tcp @ 000001c3ddd4e180] Port missing in uri
[ WARN:3@3832.466] global cap_ffmpeg_impl.hpp:453 _opencv_ffmpeg_interrupt_callback Stream timeout triggered after 30048.523000 ms
[tcp @ 000001c3ddd4e240] Port missing in uri
[ WARN:3@3862.513] global cap_ffmpeg_impl.hpp:453 _opencv_ffmpeg_interrupt_callback Stream timeout triggered after 30045.418000 ms
[tcp @ 000001c3ddd4e0c0] Port missing in uri
[tcp @ 000001c3ddd4e4c0] Port missing in uri
[tcp @ 000001c3ddd4dfc0] Port missing in uri
[ WARN:3@3899.857] global cap_ffmpeg_impl.hpp:453 _opencv_ffmpeg_interrupt_callback Stream timeout triggered after 30030.553000 ms
[ WARN:3@3929.969] global cap_ffmpeg_impl.hpp:453 _opencv_ffmpeg_interrupt_callback Stream timeout triggered after 30049.390000 ms
[tcp @ 000001c3ddd4e580] Port missing in uri
[tcp @ 000001c3ddd4e240] Port missing in uri
[tcp @ 000001c3ddd4dfc0] Port missing in uri
[tcp @ 000001c3ddd4e580] Port missing in uri
[ WARN:3@3967.183] global cap_ffmpeg_impl.hpp:453 _opencv_ffmpeg_interrupt_callback Stream timeout triggered after 30026.450000 ms
[tcp @ 000001c3ddd4e580] Port missing in uri
[ WARN:3@3997.241] global cap_ffmpeg_impl.hpp:453 _opencv_ffmpeg_interrupt_callback Stream timeout triggered after 30039.560000 ms
[tcp @ 000001c3ddd4e0c0] Port missing in uri
[ WARN:3@4034.416] global cap_ffmpeg_impl.hpp:453 _opencv_ffmpeg_interrupt_callback Stream timeout triggered after 30071.707000 ms
[tcp @ 000001c3dd5d7e00] Port missing in uri
[ WARN:3@4064.449] global cap_ffmpeg_impl.hpp:453 _opencv_ffmpeg_interrupt_callback Stream timeout triggered after 30031.521000 ms
[tcp @ 000001c3dd5d8200] Port missing in uri
[tcp @ 000001c3dd5d8080] Port missing in uri
[tcp @ 000001c3dd5d7e00] Port missing in uri
[ WARN:3@4101.598] global cap_ffmpeg_impl.hpp:453 _opencv_ffmpeg_interrupt_callback Stream timeout triggered after 30042.114000 ms
[ WARN:3@4131.657] global cap_ffmpeg_impl.hpp:453 _opencv_ffmpeg_interrupt_callback Stream timeout triggered after 30051.380000 ms
[tcp @ 000001c3dfdc7b80] Port missing in uri
[tcp @ 000001c3dfdc7e00] Port missing in uri
[tcp @ 000001c3dfdc7780] Port missing in uri
[tcp @ 000001c3dfdc7680] Port missing in uri
[ WARN:3@4168.795] global cap_ffmpeg_impl.hpp:453 _opencv_ffmpeg_interrupt_callback Stream timeout triggered after 30050.387000 ms
[tcp @ 000001c3dfdc6f40] Port missing in uri
[ WARN:3@4198.850] global cap_ffmpeg_impl.hpp:453 _opencv_ffmpeg_interrupt_callback Stream timeout triggered after 30052.074000 ms
[tcp @ 000001c3dd618200] Port missing in uri
[tcp @ 000001c3dd617500] Port missing in uri
[tcp @ 000001c3dd618380] Port missing in uri
[ WARN:3@4235.979] global cap_ffmpeg_impl.hpp:453 _opencv_ffmpeg_interrupt_callback Stream timeout triggered after 30033.491000 ms
[tcp @ 000001c3dd618100] Port missing in uri
[ WARN:3@4266.013] global cap_ffmpeg_impl.hpp:453 _opencv_ffmpeg_interrupt_callback Stream timeout triggered after 30032.316000 ms
[tcp @ 000001c3dd61cfc0] Port missing in uri
[tcp @ 000001c3dd61d480] Port missing in uri
[tcp @ 000001c3dd61d640] Port missing in uri
[ WARN:3@4303.197] global cap_ffmpeg_impl.hpp:453 _opencv_ffmpeg_interrupt_callback Stream timeout triggered after 30074.529000 ms
[ WARN:4@4308.990] global cap_ffmpeg.cpp:521 cv_capture_retrieve FFmpeg: Exception is raised: OpenCV(4.13.0-pre) /build/opencv/modules/core/src/alloc.cpp:73: error: (-4:Insufficient memory) Failed to allocate 2764800 bytes in function 'OutOfMemoryError'

[ WARN:3@4333.235] global cap_ffmpeg_impl.hpp:453 _opencv_ffmpeg_interrupt_callback Stream timeout triggered after 30037.071000 ms
[tcp @ 000001c3dd69bfc0] Port missing in uri
[hevc @ 000001c3de4d9280] PPS id out of range: 0
[hevc @ 000001c3de4d9280] PPS id out of range: 0
[tcp @ 000001c3dfd4bf00] Port missing in uri
[hevc @ 000001c3de4da000] Could not find ref with POC 3
[ WARN:4@4335.790] global cap_ffmpeg.cpp:521 cv_capture_retrieve FFmpeg: Exception is raised: OpenCV(4.13.0-pre) /build/opencv/modules/core/src/alloc.cpp:73: error: (-4:Insufficient memory) Failed to allocate 2764800 bytes in function 'OutOfMemoryError'

[tcp @ 000001c3dfd4bbc0] Port missing in uri
[tcp @ 000001c3dfd4c740] Port missing in uri
[ WARN:3@4370.385] global cap_ffmpeg_impl.hpp:453 _opencv_ffmpeg_interrupt_callback Stream timeout triggered after 30021.977000 ms
[hevc @ 000001c3de4ebe40] PPS id out of range: 0
[hevc @ 000001c3de4ebe40] PPS id out of range: 0
[tcp @ 000001c3dd5e4a80] Port missing in uri
[hevc @ 000001c3de4ecbc0] Could not find ref with POC 27
[ WARN:4@4375.807] global cap_ffmpeg.cpp:521 cv_capture_retrieve FFmpeg: Exception is raised: OpenCV(4.13.0-pre) /build/opencv/modules/core/src/alloc.cpp:73: error: (-4:Insufficient memory) Failed to allocate 2764800 bytes in function 'OutOfMemoryError'

[ WARN:3@4401.398] global cap_ffmpeg_impl.hpp:453 _opencv_ffmpeg_interrupt_callback Stream timeout triggered after 30044.880000 ms
[tcp @ 000001c3dfd4b300] Port missing in uri
[hevc @ 000001c3dda78ec0] PPS id out of range: 0
[hevc @ 000001c3dda78ec0] PPS id out of range: 0
[hevc @ 000001c3dda7aec0] Could not find ref with POC 23
[tcp @ 000001c3dfdc7340] Port missing in uri
[tcp @ 000001c3dfdc7000] Port missing in uri
[ WARN:3@4438.579] global cap_ffmpeg_impl.hpp:453 _opencv_ffmpeg_interrupt_callback Stream timeout triggered after 30074.264000 ms
[tcp @ 000001c3dfdc7440] Port missing in uri
[ WARN:3@4468.596] global cap_ffmpeg_impl.hpp:453 _opencv_ffmpeg_interrupt_callback Stream timeout triggered after 30015.895000 ms
[tcp @ 000001c3de3a8000] Port missing in uri
[tcp @ 000001c3de3a7cc0] Port missing in uri
[tcp @ 000001c3de3a7a40] Port missing in uri
[ WARN:4@4474.810] global cap_ffmpeg.cpp:521 cv_capture_retrieve FFmpeg: Exception is raised: OpenCV(4.13.0-pre) /build/opencv/modules/core/src/alloc.cpp:73: error: (-4:Insufficient memory) Failed to allocate 2764800 bytes in function 'OutOfMemoryError'

[tcp @ 000001c3dfdc7ac0] Port missing in uri
[tcp @ 000001c3dfdc7780] Port missing in uri
[hevc @ 000001c3dd628440] PPS id out of range: 0
[hevc @ 000001c3dd628440] PPS id out of range: 0
[hevc @ 000001c3dd628440] PPS id out of range: 0
[hevc @ 000001c3dd628440] PPS id out of range: 0
[hevc @ 000001c3dd627680] Could not find ref with POC 8
[ WARN:3@4511.043] global cap_ffmpeg_impl.hpp:453 _opencv_ffmpeg_interrupt_callback Stream timeout triggered after 30069.612000 ms
[tcp @ 000001c3dfdc7e00] Port missing in uri
[ WARN:3@4541.108] global cap_ffmpeg_impl.hpp:453 _opencv_ffmpeg_interrupt_callback Stream timeout triggered after 30063.684000 ms
[tcp @ 000001c3de4dc5c0] Port missing in uri
[tcp @ 000001c3de5be800] Port missing in uri
[tcp @ 000001c3de5bea40] Port missing in uri
[ WARN:4@4553.048] global cap_ffmpeg.cpp:521 cv_capture_retrieve FFmpeg: Exception is raised: OpenCV(4.13.0-pre) /build/opencv/modules/core/src/alloc.cpp:73: error: (-4:Insufficient memory) Failed to allocate 2764800 bytes in function 'OutOfMemoryError'

[ WARN:3@4578.353] global cap_ffmpeg_impl.hpp:453 _opencv_ffmpeg_interrupt_callback Stream timeout triggered after 30081.475000 ms
[tcp @ 000001c3de4efa40] Port missing in uri
[hevc @ 000001c3de37af80] PPS id out of range: 0
[hevc @ 000001c3de37af80] PPS id out of range: 0
[hevc @ 000001c3de37a640] Could not find ref with POC 11
[ WARN:4@4579.413] global cap_ffmpeg.cpp:521 cv_capture_retrieve FFmpeg: Exception is raised: OpenCV(4.13.0-pre) /build/opencv/modules/core/src/alloc.cpp:73: error: (-4:Insufficient memory) Failed to allocate 2764800 bytes in function 'OutOfMemoryError'

[ WARN:3@4609.446] global cap_ffmpeg_impl.hpp:453 _opencv_ffmpeg_interrupt_callback Stream timeout triggered after 30096.571000 ms
[tcp @ 000001c3dd625d40] Port missing in uri
[ WARN:4@4610.621] global cap_ffmpeg.cpp:521 cv_capture_retrieve FFmpeg: Exception is raised: OpenCV(4.13.0-pre) /build/opencv/modules/core/src/alloc.cpp:73: error: (-4:Insufficient memory) Failed to allocate 2764800 bytes in function 'OutOfMemoryError'

[tcp @ 000001c3de5beac0] Port missing in uri
[tcp @ 000001c3de5be840] Port missing in uri
[hevc @ 000001c3de5bad00] PPS id out of range: 0
[hevc @ 000001c3de5bad00] PPS id out of range: 0
[hevc @ 000001c3de5bb180] Could not find ref with POC 3
[ WARN:4@4616.789] global cap_ffmpeg.cpp:521 cv_capture_retrieve FFmpeg: Exception is raised: OpenCV(4.13.0-pre) /build/opencv/modules/core/src/alloc.cpp:73: error: (-4:Insufficient memory) Failed to allocate 2764800 bytes in function 'OutOfMemoryError'

[ WARN:3@4646.685] global cap_ffmpeg_impl.hpp:453 _opencv_ffmpeg_interrupt_callback Stream timeout triggered after 30087.013000 ms
[tcp @ 000001c3dfd7ccc0] Port missing in uri
[hevc @ 000001c3dfdb27c0] PPS id out of range: 0
[hevc @ 000001c3dfdb27c0] PPS id out of range: 0
[hevc @ 000001c3dfdb1a00] Could not find ref with POC 25
[ WARN:3@4677.762] global cap_ffmpeg_impl.hpp:453 _opencv_ffmpeg_interrupt_callback Stream timeout triggered after 30084.148000 ms
[tcp @ 000001c3dd658f40] Port missing in uri
[ WARN:3@4714.861] global cap_ffmpeg_impl.hpp:453 _opencv_ffmpeg_interrupt_callback Stream timeout triggered after 30015.409000 ms
[tcp @ 000001c3dd658f40] Port missing in uri
[ WARN:3@4744.917] global cap_ffmpeg_impl.hpp:453 _opencv_ffmpeg_interrupt_callback Stream timeout triggered after 30048.278000 ms
[tcp @ 000001c3dd658340] Port missing in uri
[tcp @ 000001c3dd658340] Port missing in uri
[tcp @ 000001c3dd658580] Port missing in uri
[ WARN:3@4781.995] global cap_ffmpeg_impl.hpp:453 _opencv_ffmpeg_interrupt_callback Stream timeout triggered after 30014.552000 ms
[tcp @ 000001c3dd6584c0] Port missing in uri
[ WARN:4@4797.121] global cap_ffmpeg.cpp:521 cv_capture_retrieve FFmpeg: Exception is raised: OpenCV(4.13.0-pre) /build/opencv/modules/core/src/alloc.cpp:73: error: (-4:Insufficient memory) Failed to allocate 2764800 bytes in function 'OutOfMemoryError'

[ WARN:3@4812.041] global cap_ffmpeg_impl.hpp:453 _opencv_ffmpeg_interrupt_callback Stream timeout triggered after 30044.387000 ms
[tcp @ 000001c3dfea8fc0] Port missing in uri
[hevc @ 000001c3de5bd180] PPS id out of range: 0
[hevc @ 000001c3de5bd180] PPS id out of range: 0
[hevc @ 000001c3de5bad00] Could not find ref with POC 30
[ WARN:4@4813.373] global cap_ffmpeg.cpp:521 cv_capture_retrieve FFmpeg: Exception is raised: OpenCV(4.13.0-pre) /build/opencv/modules/core/src/alloc.cpp:73: error: (-4:Insufficient memory) Failed to allocate 2764800 bytes in function 'OutOfMemoryError'

[tcp @ 000001c3dfea8b80] Port missing in uri
[tcp @ 000001c3dfea8c80] Port missing in uri
[hevc @ 000001c3dd9b4cc0] PPS id out of range: 0
[hevc @ 000001c3dd9b4cc0] PPS id out of range: 0
[hevc @ 000001c3dd9b4cc0] PPS id out of range: 0
[hevc @ 000001c3dd9b4cc0] PPS id out of range: 0
[hevc @ 000001c3dd9b6380] Could not find ref with POC 6
[ WARN:4@4819.380] global cap_ffmpeg.cpp:521 cv_capture_retrieve FFmpeg: Exception is raised: OpenCV(4.13.0-pre) /build/opencv/modules/core/src/alloc.cpp:73: error: (-4:Insufficient memory) Failed to allocate 2764800 bytes in function 'OutOfMemoryError'

[ WARN:3@4849.342] global cap_ffmpeg_impl.hpp:453 _opencv_ffmpeg_interrupt_callback Stream timeout triggered after 30006.629000 ms
[tcp @ 000001c3de37c980] Port missing in uri
[ WARN:4@4850.551] global cap_ffmpeg.cpp:521 cv_capture_retrieve FFmpeg: Exception is raised: OpenCV(4.13.0-pre) /build/opencv/modules/core/src/alloc.cpp:73: error: (-4:Insufficient memory) Failed to allocate 2764800 bytes in function 'OutOfMemoryError'

[ WARN:3@4880.399] global cap_ffmpeg_impl.hpp:453 _opencv_ffmpeg_interrupt_callback Stream timeout triggered after 30054.939000 ms
[tcp @ 000001c3dffb1d00] Port missing in uri
[hevc @ 000001c3dfd7c2c0] PPS id out of range: 0
[hevc @ 000001c3dfd7c2c0] PPS id out of range: 0
[hevc @ 000001c3dfd7be40] Could not find ref with POC 25
[ERROR:4@4881.383] global cap_ffmpeg_impl.hpp:1984 retrieveFrame Out of memory issue on av_frame_get_buffer!
[tcp @ 000001c3dffb1740] Port missing in uri
[tcp @ 000001c3dffb1680] Port missing in uri
[hevc @ 000001c3de33c940] PPS id out of range: 0
[hevc @ 000001c3de33c940] PPS id out of range: 0
[hevc @ 000001c3de33c000] Could not find ref with POC 48
[ WARN:4@4887.402] global cap_ffmpeg.cpp:521 cv_capture_retrieve FFmpeg: Exception is raised: OpenCV(4.13.0-pre) /build/opencv/modules/core/src/alloc.cpp:73: error: (-4:Insufficient memory) Failed to allocate 2764800 bytes in function 'OutOfMemoryError'

[ WARN:3@4917.571] global cap_ffmpeg_impl.hpp:453 _opencv_ffmpeg_interrupt_callback Stream timeout triggered after 30030.036000 ms
[tcp @ 000001c3dffb1680] Port missing in uri
[ WARN:4@4918.594] global cap_ffmpeg.cpp:521 cv_capture_retrieve FFmpeg: Exception is raised: OpenCV(4.13.0-pre) /build/opencv/modules/core/src/alloc.cpp:73: error: (-4:Insufficient memory) Failed to allocate 2764800 bytes in function 'OutOfMemoryError'

[ WARN:3@4948.570] global cap_ffmpeg_impl.hpp:453 _opencv_ffmpeg_interrupt_callback Stream timeout triggered after 30027.200000 ms
[tcp @ 000001c3dd661000] Port missing in uri
[hevc @ 000001c3dd6527c0] get_buffer() failed
[hevc @ 000001c3dd6527c0] thread_get_buffer() failed
[hevc @ 000001c3dd6507c0] get_buffer() failed
[hevc @ 000001c3dd6507c0] thread_get_buffer() failed
[hevc @ 000001c3dd64fec0] get_buffer() failed
[hevc @ 000001c3dd64fec0] thread_get_buffer() failed
[tcp @ 000001c3dd5df880] Port missing in uri
[tcp @ 000001c3dd5df480] Port missing in uri
[hevc @ 000001c3dd652c40] get_buffer() failed
[hevc @ 000001c3dd652c40] thread_get_buffer() failed
[hevc @ 000001c3dd6530c0] get_buffer() failed
[hevc @ 000001c3dd6530c0] thread_get_buffer() failed
[hevc @ 000001c3dd6527c0] get_buffer() failed
[hevc @ 000001c3dd6527c0] thread_get_buffer() failed
[ WARN:3@4985.714] global cap_ffmpeg_impl.hpp:453 _opencv_ffmpeg_interrupt_callback Stream timeout triggered after 30068.075000 ms
[tcp @ 000001c3dd6758c0] Port missing in uri
[tcp @ 000001c3dd631200] Port missing in uri
[ WARN:4@4988.329] global cap_ffmpeg.cpp:521 cv_capture_retrieve FFmpeg: Exception is raised: OpenCV(4.13.0-pre) /build/opencv/modules/core/src/alloc.cpp:73: error: (-4:Insufficient memory) Failed to allocate 2764800 bytes in function 'OutOfMemoryError'

[ WARN:3@5016.748] global cap_ffmpeg_impl.hpp:453 _opencv_ffmpeg_interrupt_callback Stream timeout triggered after 30046.359000 ms
[tcp @ 000001c3de37fec0] Port missing in uri
[tcp @ 000001c3dd661ec0] Port missing in uri
[ WARN:4@5018.487] global cap_ffmpeg.cpp:521 cv_capture_retrieve FFmpeg: Exception is raised: OpenCV(4.13.0-pre) /build/opencv/modules/core/src/alloc.cpp:73: error: (-4:Insufficient memory) Failed to allocate 2764800 bytes in function 'OutOfMemoryError'

[hevc @ 000001c3dd699b80] PPS id out of range: 0
[hevc @ 000001c3dd699b80] PPS id out of range: 0
[hevc @ 000001c3dd69a480] Could not find ref with POC 20
[ WARN:4@5026.629] global cap_ffmpeg.cpp:521 cv_capture_retrieve FFmpeg: Exception is raised: OpenCV(4.13.0-pre) /build/opencv/modules/core/src/alloc.cpp:73: error: (-4:Insufficient memory) Failed to allocate 2764800 bytes in function 'OutOfMemoryError'

[ WARN:3@5054.657] global cap_ffmpeg_impl.hpp:453 _opencv_ffmpeg_interrupt_callback Stream timeout triggered after 30105.525000 ms
[tcp @ 000001c3c2a6e780] Port missing in uri
[ WARN:3@5084.697] global cap_ffmpeg_impl.hpp:453 _opencv_ffmpeg_interrupt_callback Stream timeout triggered after 30037.612000 ms
[tcp @ 000001c3c2a6e000] Port missing in uri
[hevc @ 000001c3de4e9c80] PPS id out of range: 0
[hevc @ 000001c3de4e9c80] PPS id out of range: 0
[hevc @ 000001c3de4e6f00] Could not find ref with POC 25
[hevc @ 000001c3de4e7380] get_buffer() failed
[hevc @ 000001c3de4e7380] thread_get_buffer() failed
[hevc @ 000001c3de4e7800] get_buffer() failed
[hevc @ 000001c3de4e7800] thread_get_buffer() failed
[ERROR:4@5085.650] global cap_ffmpeg_impl.hpp:1984 retrieveFrame Out of memory issue on av_frame_get_buffer!
[tcp @ 000001c3dda6d240] Port missing in uri
[tcp @ 000001c3dda6cf00] Port missing in uri
[hevc @ 000001c3dd61dac0] PPS id out of range: 0
[hevc @ 000001c3dd61dac0] PPS id out of range: 0
[hevc @ 000001c3dd61d180] Could not find ref with POC 48
[ WARN:4@5091.692] global cap_ffmpeg.cpp:521 cv_capture_retrieve FFmpeg: Exception is raised: OpenCV(4.13.0-pre) /build/opencv/modules/core/src/alloc.cpp:73: error: (-4:Insufficient memory) Failed to allocate 2764800 bytes in function 'OutOfMemoryError'

[ WARN:3@5121.852] global cap_ffmpeg_impl.hpp:453 _opencv_ffmpeg_interrupt_callback Stream timeout triggered after 30074.561000 ms
[tcp @ 000001c3dd69e340] Port missing in uri
[hevc @ 000001c3dd8e0ac0] get_buffer() failed
[hevc @ 000001c3dd8e0ac0] thread_get_buffer() failed
[ERROR:4@5122.879] global cap_ffmpeg_impl.hpp:1984 retrieveFrame Out of memory issue on av_frame_get_buffer!
[ WARN:3@5152.895] global cap_ffmpeg_impl.hpp:453 _opencv_ffmpeg_interrupt_callback Stream timeout triggered after 30044.869000 ms
[tcp @ 000001c3dd5df740] Port missing in uri
[hevc @ 000001c3de4aaec0] PPS id out of range: 0
[hevc @ 000001c3de4aaec0] PPS id out of range: 0
[hevc @ 000001c3de4aaec0] PPS id out of range: 0
[hevc @ 000001c3de4aaec0] PPS id out of range: 0
[hevc @ 000001c3de4a7800] Could not find ref with POC 23
[ WARN:4@5153.918] global cap_ffmpeg.cpp:521 cv_capture_retrieve FFmpeg: Exception is raised: OpenCV(4.13.0-pre) /build/opencv/modules/core/src/alloc.cpp:73: error: (-4:Insufficient memory) Failed to allocate 2764800 bytes in function 'OutOfMemoryError'

[tcp @ 000001c3dd5dfb80] Port missing in uri
[tcp @ 000001c3dd5dfb80] Port missing in uri
[ WARN:4@5160.046] global cap_ffmpeg.cpp:521 cv_capture_retrieve FFmpeg: Exception is raised: OpenCV(4.13.0-pre) /build/opencv/modules/core/src/alloc.cpp:73: error: (-4:Insufficient memory) Failed to allocate 2764800 bytes in function 'OutOfMemoryError'

[tcp @ 000001c3dfd44d40] Port missing in uri
[tcp @ 000001c3dfd453c0] Port missing in uri
[ WARN:3@5195.043] global cap_ffmpeg_impl.hpp:453 _opencv_ffmpeg_interrupt_callback Stream timeout triggered after 30039.291000 ms
[tcp @ 000001c3dfea88c0] Port missing in uri
[ WARN:4@5196.133] global cap_ffmpeg.cpp:521 cv_capture_retrieve FFmpeg: Exception is raised: OpenCV(4.13.0-pre) /build/opencv/modules/core/src/alloc.cpp:73: error: (-4:Insufficient memory) Failed to allocate 2764800 bytes in function 'OutOfMemoryError'

[ WARN:3@5225.995] global cap_ffmpeg_impl.hpp:453 _opencv_ffmpeg_interrupt_callback Stream timeout triggered after 30038.892000 ms
[tcp @ 000001c3dfea88c0] Port missing in uri
[hevc @ 000001c3dd5cb380] PPS id out of range: 0
[hevc @ 000001c3dd5cb380] PPS id out of range: 0
[hevc @ 000001c3dd5cc100] Could not find ref with POC 23
[ERROR:4@5227.052] global cap_ffmpeg_impl.hpp:1984 retrieveFrame Out of memory issue on av_frame_get_buffer!
[tcp @ 000001c3c2a6e000] Port missing in uri
[tcp @ 000001c3c2a6ddc0] Port missing in uri
[hevc @ 000001c3dd60e280] get_buffer() failed
[hevc @ 000001c3dd60e280] thread_get_buffer() failed
[ WARN:4@5233.210] global cap_ffmpeg.cpp:521 cv_capture_retrieve FFmpeg: Exception is raised: OpenCV(4.13.0-pre) /build/opencv/modules/core/src/alloc.cpp:73: error: (-4:Insufficient memory) Failed to allocate 2764800 bytes in function 'OutOfMemoryError'

[ WARN:3@5263.191] global cap_ffmpeg_impl.hpp:453 _opencv_ffmpeg_interrupt_callback Stream timeout triggered after 30043.380000 ms
[tcp @ 000001c3c2a6e100] Port missing in uri
[ERROR:4@5264.201] global cap_ffmpeg_impl.hpp:1984 retrieveFrame Out of memory issue on av_frame_get_buffer!
[ WARN:3@5294.230] global cap_ffmpeg_impl.hpp:453 _opencv_ffmpeg_interrupt_callback Stream timeout triggered after 30060.997000 ms
[tcp @ 000001c7c1108d40] Port missing in uri
[hevc @ 000001c3dd5cbc80] PPS id out of range: 0
[hevc @ 000001c3dd5cbc80] PPS id out of range: 0
[hevc @ 000001c3dd5cc5c0] Could not find ref with POC 26
[ WARN:4@5295.491] global cap_ffmpeg.cpp:521 cv_capture_retrieve FFmpeg: Exception is raised: OpenCV(4.13.0-pre) /build/opencv/modules/core/src/alloc.cpp:73: error: (-4:Insufficient memory) Failed to allocate 2764800 bytes in function 'OutOfMemoryError'

[tcp @ 000001c3de4e3c00] Port missing in uri
[tcp @ 000001c3de4e3980] Port missing in uri
[hevc @ 000001c3de5bb180] PPS id out of range: 0
[hevc @ 000001c3de5bb180] PPS id out of range: 0
[hevc @ 000001c3de5bbf40] Could not find ref with POC 4
[ WARN:4@5301.650] global cap_ffmpeg.cpp:521 cv_capture_retrieve FFmpeg: Exception is raised: OpenCV(4.13.0-pre) /build/opencv/modules/core/src/alloc.cpp:73: error: (-4:Insufficient memory) Failed to allocate 2764800 bytes in function 'OutOfMemoryError'

[ WARN:3@5331.567] global cap_ffmpeg_impl.hpp:453 _opencv_ffmpeg_interrupt_callback Stream timeout triggered after 30038.762000 ms
[tcp @ 000001c3dd65c300] Port missing in uri
[hevc @ 000001c3dd5ccec0] PPS id out of range: 0
[hevc @ 000001c3dd5ccec0] PPS id out of range: 0
[hevc @ 000001c3dd5cd340] Could not find ref with POC 24
[hevc @ 000001c3dd5cbc80] get_buffer() failed
[hevc @ 000001c3dd5cbc80] thread_get_buffer() failed
[ERROR:4@5332.549] global cap_ffmpeg_impl.hpp:1984 retrieveFrame Out of memory issue on av_frame_get_buffer!
[ WARN:3@5362.560] global cap_ffmpeg_impl.hpp:453 _opencv_ffmpeg_interrupt_callback Stream timeout triggered after 30023.109000 ms
[tcp @ 000001c3dd661740] Port missing in uri
[hevc @ 000001c3de37d800] get_buffer() failed
[hevc @ 000001c3de37d800] thread_get_buffer() failed
[ERROR:4@5369.570] global cap_ffmpeg_impl.hpp:1984 retrieveFrame Out of memory issue on av_frame_get_buffer!
[ WARN:3@5399.721] global cap_ffmpeg_impl.hpp:453 _opencv_ffmpeg_interrupt_callback Stream timeout triggered after 30051.322000 ms
[tcp @ 000001c3dd65be00] Port missing in uri
[hevc @ 000001c3de4a85c0] PPS id out of range: 0
[hevc @ 000001c3de4a85c0] PPS id out of range: 0
[hevc @ 000001c3de4a9c80] Could not find ref with POC 27
[hevc @ 000001c3de4aaec0] get_buffer() failed
[hevc @ 000001c3de4aaec0] thread_get_buffer() failed
[ERROR:4@5400.670] global cap_ffmpeg_impl.hpp:1984 retrieveFrame Out of memory issue on av_frame_get_buffer!
[ WARN:3@5430.712] global cap_ffmpeg_impl.hpp:453 _opencv_ffmpeg_interrupt_callback Stream timeout triggered after 30054.541000 ms
[tcp @ 000001c3dd5df680] Port missing in uri
[tcp @ 000001c3dfd07ac0] Port missing in uri
[tcp @ 000001c3dfd07fc0] Port missing in uri
[ERROR:4@5437.697] global cap_ffmpeg_impl.hpp:1984 retrieveFrame Out of memory issue on av_frame_get_buffer!
[ WARN:3@5467.859] global cap_ffmpeg_impl.hpp:453 _opencv_ffmpeg_interrupt_callback Stream timeout triggered after 30034.847000 ms
[tcp @ 000001c3dd60be00] Port missing in uri
[hevc @ 000001c3dd5cb380] PPS id out of range: 0
[hevc @ 000001c3dd5cb380] PPS id out of range: 0
[hevc @ 000001c3dd5cc5c0] Could not find ref with POC 26
[ WARN:4@5468.902] global cap_ffmpeg.cpp:521 cv_capture_retrieve FFmpeg: Exception is raised: OpenCV(4.13.0-pre) /build/opencv/modules/core/src/alloc.cpp:73: error: (-4:Insufficient memory) Failed to allocate 2764800 bytes in function 'OutOfMemoryError'

[ WARN:3@5498.834] global cap_ffmpeg_impl.hpp:453 _opencv_ffmpeg_interrupt_callback Stream timeout triggered after 30047.990000 ms
[tcp @ 000001c3dd60c3c0] Port missing in uri
[hevc @ 000001c3de194700] PPS id out of range: 0
[hevc @ 000001c3de194700] PPS id out of range: 0
[hevc @ 000001c3de194240] Could not find ref with POC 23
[ERROR:4@5499.802] global cap_ffmpeg_impl.hpp:1984 retrieveFrame Out of memory issue on av_frame_get_buffer!
[tcp @ 000001c3dd60c300] Port missing in uri
[tcp @ 000001c3dd60bac0] Port missing in uri
[hevc @ 000001c3de5bbac0] PPS id out of range: 0
[hevc @ 000001c3de5bbac0] PPS id out of range: 0
[hevc @ 000001c3de5bbac0] PPS id out of range: 0
[hevc @ 000001c3de5bbac0] PPS id out of range: 0
[hevc @ 000001c3de5bbf40] Could not find ref with POC 47
[hevc @ 000001c3de5bbf40] Error constructing the frame RPS.
[hevc @ 000001c3de5ba400] Could not find ref with POC 48
[hevc @ 000001c3de5ba400] Error constructing the frame RPS.
[ WARN:3@5535.950] global cap_ffmpeg_impl.hpp:453 _opencv_ffmpeg_interrupt_callback Stream timeout triggered after 30044.494000 ms
[tcp @ 000001c3de4c2f80] Port missing in uri
[hevc @ 000001c3dfdc2180] PPS id out of range: 0
[hevc @ 000001c3dfdc2180] PPS id out of range: 0
[hevc @ 000001c3dfdc1d00] Could not find ref with POC 25
[hevc @ 000001c3dfdc2f40] get_buffer() failed
[hevc @ 000001c3dfdc2f40] thread_get_buffer() failed
[ERROR:4@5536.880] global cap_ffmpeg_impl.hpp:1984 retrieveFrame Out of memory issue on av_frame_get_buffer!
[ WARN:3@5566.929] global cap_ffmpeg_impl.hpp:453 _opencv_ffmpeg_interrupt_callback Stream timeout triggered after 30059.457000 ms
[tcp @ 000001c3dd5df0c0] Port missing in uri
[hevc @ 000001c3dd5dba00] PPS id out of range: 0
[hevc @ 000001c3dd5dba00] PPS id out of range: 0
[hevc @ 000001c3dd5dcc40] Could not find ref with POC 23
[ WARN:4@5568.109] global cap_ffmpeg.cpp:521 cv_capture_retrieve FFmpeg: Exception is raised: OpenCV(4.13.0-pre) /build/opencv/modules/core/src/alloc.cpp:73: error: (-4:Insufficient memory) Failed to allocate 2764800 bytes in function 'OutOfMemoryError'

[tcp @ 000001c3dd60ab40] Port missing in uri
[tcp @ 000001c3dd60a740] Port missing in uri
[ WARN:4@5574.227] global cap_ffmpeg.cpp:521 cv_capture_retrieve FFmpeg: Exception is raised: OpenCV(4.13.0-pre) /build/opencv/modules/core/src/alloc.cpp:73: error: (-4:Insufficient memory) Failed to allocate 2764800 bytes in function 'OutOfMemoryError'

[ WARN:3@5604.076] global cap_ffmpeg_impl.hpp:453 _opencv_ffmpeg_interrupt_callback Stream timeout triggered after 30007.332000 ms
[tcp @ 000001c3dd5d2800] Port missing in uri
[ WARN:4@5612.069] global cap_ffmpeg.cpp:521 cv_capture_retrieve FFmpeg: Exception is raised: OpenCV(4.13.0-pre) /build/opencv/modules/core/src/alloc.cpp:73: error: (-4:Insufficient memory) Failed to allocate 2764800 bytes in function 'OutOfMemoryError'

[ WARN:3@5635.110] global cap_ffmpeg_impl.hpp:453 _opencv_ffmpeg_interrupt_callback Stream timeout triggered after 30041.379000 ms
[tcp @ 000001c3dd69e0c0] Port missing in uri
[hevc @ 000001c3dd65c640] PPS id out of range: 0
[hevc @ 000001c3dd65c640] PPS id out of range: 0
[hevc @ 000001c3dd65ef80] Could not find ref with POC 24
[tcp @ 000001c3de4de900] Port missing in uri
[tcp @ 000001c3de4deb40] Port missing in uri
[ WARN:3@5672.292] global cap_ffmpeg_impl.hpp:453 _opencv_ffmpeg_interrupt_callback Stream timeout triggered after 30060.837000 ms
[tcp @ 000001c3de4dedc0] Port missing in uri
[ WARN:4@5681.984] global cap_ffmpeg.cpp:521 cv_capture_retrieve FFmpeg: Exception is raised: OpenCV(4.13.0-pre) /build/opencv/modules/core/src/alloc.cpp:73: error: (-4:Insufficient memory) Failed to allocate 2764800 bytes in function 'OutOfMemoryError'

[ WARN:3@5702.294] global cap_ffmpeg_impl.hpp:453 _opencv_ffmpeg_interrupt_callback Stream timeout triggered after 30000.466000 ms
[tcp @ 000001c3de37abc0] Port missing in uri
[ WARN:4@5703.555] global cap_ffmpeg.cpp:521 cv_capture_retrieve FFmpeg: Exception is raised: OpenCV(4.13.0-pre) /build/opencv/modules/core/src/alloc.cpp:73: error: (-4:Insufficient memory) Failed to allocate 2764800 bytes in function 'OutOfMemoryError'

[tcp @ 000001c3dd8dd040] Port missing in uri
[tcp @ 000001c3dd8dd100] Port missing in uri
[ WARN:4@5709.609] global cap_ffmpeg.cpp:521 cv_capture_retrieve FFmpeg: Exception is raised: OpenCV(4.13.0-pre) /build/opencv/modules/core/src/alloc.cpp:73: error: (-4:Insufficient memory) Failed to allocate 2764800 bytes in function 'OutOfMemoryError'

[ WARN:3@5739.535] global cap_ffmpeg_impl.hpp:453 _opencv_ffmpeg_interrupt_callback Stream timeout triggered after 30018.088000 ms
[tcp @ 000001c3de17e580] Port missing in uri
[ WARN:4@5740.605] global cap_ffmpeg.cpp:521 cv_capture_retrieve FFmpeg: Exception is raised: OpenCV(4.13.0-pre) /build/opencv/modules/core/src/alloc.cpp:73: error: (-4:Insufficient memory) Failed to allocate 2764800 bytes in function 'OutOfMemoryError'

[ WARN:3@5770.506] global cap_ffmpeg_impl.hpp:453 _opencv_ffmpeg_interrupt_callback Stream timeout triggered after 30018.426000 ms
[tcp @ 000001c3de17ee80] Port missing in uri
[hevc @ 000001c3de37ca40] PPS id out of range: 0
[hevc @ 000001c3de37ca40] PPS id out of range: 0
[hevc @ 000001c3de37fc80] Could not find ref with POC 23
[ WARN:4@5771.457] global cap_ffmpeg.cpp:521 cv_capture_retrieve FFmpeg: Exception is raised: OpenCV(4.13.0-pre) /build/opencv/modules/core/src/alloc.cpp:73: error: (-4:Insufficient memory) Failed to allocate 2764800 bytes in function 'OutOfMemoryError'

[tcp @ 000001c3dda6bc00] Port missing in uri
[tcp @ 000001c3dda6b580] Port missing in uri
[hevc @ 000001c3dfd45d40] PPS id out of range: 0
[hevc @ 000001c3dfd45d40] PPS id out of range: 0
[hevc @ 000001c3dfd458c0] Could not find ref with POC 48
[ WARN:4@5777.563] global cap_ffmpeg.cpp:521 cv_capture_retrieve FFmpeg: Exception is raised: OpenCV(4.13.0-pre) /build/opencv/modules/core/src/alloc.cpp:73: error: (-4:Insufficient memory) Failed to allocate 2764800 bytes in function 'OutOfMemoryError'

[ WARN:3@5807.605] global cap_ffmpeg_impl.hpp:453 _opencv_ffmpeg_interrupt_callback Stream timeout triggered after 30025.666000 ms
[tcp @ 000001c3de4edb40] Port missing in uri
[ WARN:4@5808.635] global cap_ffmpeg.cpp:521 cv_capture_retrieve FFmpeg: Exception is raised: OpenCV(4.13.0-pre) /build/opencv/modules/core/src/alloc.cpp:73: error: (-4:Insufficient memory) Failed to allocate 2764800 bytes in function 'OutOfMemoryError'

[ WARN:3@5838.587] global cap_ffmpeg_impl.hpp:453 _opencv_ffmpeg_interrupt_callback Stream timeout triggered after 30021.544000 ms
[tcp @ 000001c3dfe94d40] Port missing in uri
[ERROR:4@5839.535] global cap_ffmpeg_impl.hpp:1448 open Could not open codec hevc, error: -1
[ERROR:4@5839.538] global cap_ffmpeg_impl.hpp:1456 open VIDEOIO/FFMPEG: Failed to initialize VideoCapture
